<?xml version="1.0" encoding="UTF-8"?>
<!-- Generated by org.testng.reporters.JUnitReportReporter -->
<testsuite hostname="LAPTOP-UD1THC6D" failures="0" tests="1" name="rahulshettyacademy.tests.ErrorValidationTest" time="11.284" errors="0" timestamp="2023-02-20T19:45:44 IST" skipped="0">
  <testcase classname="rahulshettyacademy.tests.ErrorValidationTest" name="LoginErrorValidation" time="11.284"/>
  <system-out/>
</testsuite> <!-- rahulshettyacademy.tests.ErrorValidationTest -->
